2024/07/30 13:33:34 [notice] 1#1: using the "epoll" event method
2024/07/30 13:33:34 [notice] 1#1: nginx/1.27.0
2024/07/30 13:33:34 [notice] 1#1: built by gcc 12.2.0 (Debian 12.2.0-14) 
2024/07/30 13:33:34 [notice] 1#1: OS: Linux 5.15.0-117-generic
2024/07/30 13:33:34 [notice] 1#1: getrlimit(RLIMIT_NOFILE): 1048576:1048576
2024/07/30 13:33:34 [notice] 1#1: start worker processes
2024/07/30 13:33:34 [notice] 1#1: start worker process 28
2024/07/30 13:33:34 [notice] 1#1: start worker process 29
2024/07/30 13:33:34 [notice] 1#1: start worker process 30
2024/07/30 13:33:34 [notice] 1#1: start worker process 31
2024/07/30 13:43:44 [notice] 1#1: signal 3 (SIGQUIT) received, shutting down
2024/07/30 13:43:44 [notice] 28#28: gracefully shutting down
2024/07/30 13:43:44 [notice] 29#29: gracefully shutting down
2024/07/30 13:43:44 [notice] 28#28: exiting
2024/07/30 13:43:44 [notice] 29#29: exiting
2024/07/30 13:43:44 [notice] 29#29: exit
2024/07/30 13:43:44 [notice] 28#28: exit
2024/07/30 13:43:44 [notice] 30#30: gracefully shutting down
2024/07/30 13:43:44 [notice] 30#30: exiting
2024/07/30 13:43:44 [notice] 30#30: exit
2024/07/30 13:43:44 [notice] 31#31: gracefully shutting down
2024/07/30 13:43:44 [notice] 31#31: exiting
2024/07/30 13:43:44 [notice] 31#31: exit
2024/07/30 13:43:44 [notice] 1#1: signal 17 (SIGCHLD) received from 30
2024/07/30 13:43:44 [notice] 1#1: worker process 29 exited with code 0
2024/07/30 13:43:44 [notice] 1#1: worker process 30 exited with code 0
2024/07/30 13:43:44 [notice] 1#1: worker process 31 exited with code 0
2024/07/30 13:43:44 [notice] 1#1: signal 17 (SIGCHLD) received from 29
2024/07/30 13:43:44 [notice] 1#1: worker process 28 exited with code 0
2024/07/30 13:43:44 [notice] 1#1: exit
2024/07/30 13:43:47 [notice] 1#1: using the "epoll" event method
2024/07/30 13:43:47 [notice] 1#1: nginx/1.27.0
2024/07/30 13:43:47 [notice] 1#1: built by gcc 12.2.0 (Debian 12.2.0-14) 
2024/07/30 13:43:47 [notice] 1#1: OS: Linux 5.15.0-117-generic
2024/07/30 13:43:47 [notice] 1#1: getrlimit(RLIMIT_NOFILE): 1048576:1048576
2024/07/30 13:43:47 [notice] 1#1: start worker processes
2024/07/30 13:43:47 [notice] 1#1: start worker process 28
2024/07/30 13:43:47 [notice] 1#1: start worker process 29
2024/07/30 13:43:47 [notice] 1#1: start worker process 30
2024/07/30 13:43:47 [notice] 1#1: start worker process 31
2024/07/30 13:52:12 [notice] 1#1: signal 3 (SIGQUIT) received, shutting down
2024/07/30 13:52:12 [notice] 31#31: gracefully shutting down
2024/07/30 13:52:12 [notice] 28#28: gracefully shutting down
2024/07/30 13:52:12 [notice] 30#30: gracefully shutting down
2024/07/30 13:52:12 [notice] 31#31: exiting
2024/07/30 13:52:12 [notice] 31#31: exit
2024/07/30 13:52:12 [notice] 28#28: exiting
2024/07/30 13:52:12 [notice] 30#30: exiting
2024/07/30 13:52:12 [notice] 28#28: exit
2024/07/30 13:52:12 [notice] 30#30: exit
2024/07/30 13:52:12 [notice] 29#29: gracefully shutting down
2024/07/30 13:52:12 [notice] 29#29: exiting
2024/07/30 13:52:12 [notice] 29#29: exit
2024/07/30 13:52:12 [notice] 1#1: signal 17 (SIGCHLD) received from 31
2024/07/30 13:52:12 [notice] 1#1: worker process 28 exited with code 0
2024/07/30 13:52:12 [notice] 1#1: worker process 31 exited with code 0
2024/07/30 13:52:12 [notice] 1#1: signal 29 (SIGIO) received
2024/07/30 13:52:12 [notice] 1#1: signal 17 (SIGCHLD) received from 30
2024/07/30 13:52:12 [notice] 1#1: worker process 30 exited with code 0
2024/07/30 13:52:12 [notice] 1#1: worker process 29 exited with code 0
2024/07/30 13:52:12 [notice] 1#1: exit
2024/07/30 13:59:02 [notice] 1#1: using the "epoll" event method
2024/07/30 13:59:02 [notice] 1#1: nginx/1.27.0
2024/07/30 13:59:02 [notice] 1#1: built by gcc 12.2.0 (Debian 12.2.0-14) 
2024/07/30 13:59:02 [notice] 1#1: OS: Linux 5.15.0-117-generic
2024/07/30 13:59:02 [notice] 1#1: getrlimit(RLIMIT_NOFILE): 1048576:1048576
2024/07/30 13:59:02 [notice] 1#1: start worker processes
2024/07/30 13:59:02 [notice] 1#1: start worker process 27
2024/07/30 13:59:02 [notice] 1#1: start worker process 28
2024/07/30 13:59:02 [notice] 1#1: start worker process 29
2024/07/30 13:59:02 [notice] 1#1: start worker process 30
2024/07/30 14:00:43 [notice] 1#1: signal 3 (SIGQUIT) received, shutting down
2024/07/30 14:00:43 [notice] 27#27: gracefully shutting down
2024/07/30 14:00:43 [notice] 29#29: gracefully shutting down
2024/07/30 14:00:43 [notice] 29#29: exiting
2024/07/30 14:00:43 [notice] 27#27: exiting
2024/07/30 14:00:43 [notice] 29#29: exit
2024/07/30 14:00:43 [notice] 27#27: exit
2024/07/30 14:00:43 [notice] 28#28: gracefully shutting down
2024/07/30 14:00:43 [notice] 28#28: exiting
2024/07/30 14:00:43 [notice] 28#28: exit
2024/07/30 14:00:43 [notice] 30#30: gracefully shutting down
2024/07/30 14:00:43 [notice] 30#30: exiting
2024/07/30 14:00:43 [notice] 30#30: exit
2024/07/30 14:00:43 [notice] 1#1: signal 17 (SIGCHLD) received from 29
2024/07/30 14:00:43 [notice] 1#1: worker process 29 exited with code 0
2024/07/30 14:00:43 [notice] 1#1: signal 29 (SIGIO) received
2024/07/30 14:00:43 [notice] 1#1: signal 17 (SIGCHLD) received from 30
2024/07/30 14:00:43 [notice] 1#1: worker process 27 exited with code 0
2024/07/30 14:00:43 [notice] 1#1: worker process 28 exited with code 0
2024/07/30 14:00:43 [notice] 1#1: worker process 30 exited with code 0
2024/07/30 14:00:43 [notice] 1#1: exit
2024/07/30 14:05:49 [notice] 1#1: using the "epoll" event method
2024/07/30 14:05:49 [notice] 1#1: nginx/1.27.0
2024/07/30 14:05:49 [notice] 1#1: built by gcc 12.2.0 (Debian 12.2.0-14) 
2024/07/30 14:05:49 [notice] 1#1: OS: Linux 5.15.0-117-generic
2024/07/30 14:05:49 [notice] 1#1: getrlimit(RLIMIT_NOFILE): 1048576:1048576
2024/07/30 14:05:49 [notice] 1#1: start worker processes
2024/07/30 14:05:49 [notice] 1#1: start worker process 28
2024/07/30 14:05:49 [notice] 1#1: start worker process 29
2024/07/30 14:05:49 [notice] 1#1: start worker process 30
2024/07/30 14:05:49 [notice] 1#1: start worker process 31
2024/07/30 14:13:05 [notice] 1#1: signal 3 (SIGQUIT) received, shutting down
2024/07/30 14:13:05 [notice] 30#30: gracefully shutting down
2024/07/30 14:13:05 [notice] 28#28: gracefully shutting down
2024/07/30 14:13:05 [notice] 30#30: exiting
2024/07/30 14:13:05 [notice] 28#28: exiting
2024/07/30 14:13:05 [notice] 30#30: exit
2024/07/30 14:13:05 [notice] 28#28: exit
2024/07/30 14:13:05 [notice] 31#31: gracefully shutting down
2024/07/30 14:13:05 [notice] 31#31: exiting
2024/07/30 14:13:05 [notice] 31#31: exit
2024/07/30 14:13:05 [notice] 29#29: gracefully shutting down
2024/07/30 14:13:05 [notice] 29#29: exiting
2024/07/30 14:13:05 [notice] 29#29: exit
2024/07/30 14:13:05 [notice] 1#1: signal 17 (SIGCHLD) received from 29
2024/07/30 14:13:05 [notice] 1#1: worker process 29 exited with code 0
2024/07/30 14:13:05 [notice] 1#1: signal 29 (SIGIO) received
2024/07/30 14:13:05 [notice] 1#1: signal 17 (SIGCHLD) received from 30
2024/07/30 14:13:05 [notice] 1#1: worker process 28 exited with code 0
2024/07/30 14:13:05 [notice] 1#1: worker process 30 exited with code 0
2024/07/30 14:13:05 [notice] 1#1: signal 29 (SIGIO) received
2024/07/30 14:13:05 [notice] 1#1: signal 17 (SIGCHLD) received from 31
2024/07/30 14:13:05 [notice] 1#1: worker process 31 exited with code 0
2024/07/30 14:13:05 [notice] 1#1: exit
